2017-10-16 11:39:05 INFO  PokerGameMain:16 - Game started.
2017-10-16 11:39:05 INFO  Game:139 - Player Joe added 
2017-10-16 11:39:05 INFO  Game:139 - Player Bob added 
2017-10-16 11:39:05 INFO  Game:139 - Player Sally added 
2017-10-16 11:39:05 INFO  Game:139 - Player Dev added 
2017-10-16 11:39:52 INFO  PokerGameMain:16 - Game started.
2017-10-16 11:39:52 INFO  Game:139 - Player Joe added 
2017-10-16 11:39:52 INFO  Game:139 - Player Bob added 
2017-10-16 11:39:52 INFO  Game:139 - Player Sally added 
2017-10-16 11:39:52 INFO  Game:139 - Player Dev added 
2017-10-16 11:46:26 INFO  PokerGameMain:15 - Game started.
2017-10-16 11:46:26 INFO  Game:139 - Player Joe added 
2017-10-16 11:46:26 INFO  Game:139 - Player Bob added 
2017-10-16 11:46:26 INFO  Game:139 - Player Sally added 
2017-10-16 11:46:26 INFO  Game:139 - Player Dev added 
2017-10-16 11:49:18 INFO  PokerGameMain:16 - Game started.
2017-10-16 11:49:18 INFO  Game:139 - Player Joe added 
2017-10-16 11:49:18 INFO  Game:139 - Player Bob added 
2017-10-16 11:49:18 INFO  Game:139 - Player Sally added 
2017-10-16 11:49:18 INFO  Game:139 - Player Dev added 
2017-10-16 11:49:18 INFO  PokerGameMain:20 - Game finished.
2017-10-16 11:52:27 INFO  PokerGameMain:16 - Game started.
2017-10-16 11:52:28 INFO  Game:139 - Player Joe added 
2017-10-16 11:52:28 INFO  Game:139 - Player Bob added 
2017-10-16 11:52:28 INFO  Game:139 - Player Sally added 
2017-10-16 11:52:28 INFO  Game:139 - Player Dev added 
2017-10-16 11:52:28 INFO  Game:200 - Compare between Joe and Bob
2017-10-16 11:52:28 INFO  Game:200 - Compare between Joe and Sally
2017-10-16 11:52:28 INFO  Game:200 - Compare between Joe and Dev
2017-10-16 11:52:28 INFO  PokerGameMain:20 - Game finished.
2017-10-16 11:55:47 INFO  PokerGameMain:16 - Game started.
2017-10-16 11:55:47 FATAL Game:166 - Input string contains duplicate entry or player name is same!
2017-10-16 11:56:25 INFO  PokerGameMain:16 - Game started.
2017-10-16 11:56:25 INFO  Game:139 - Player Joe added 
2017-10-16 11:56:25 INFO  Game:139 - Player Bob added 
2017-10-16 11:56:25 INFO  Game:139 - Player Sally added 
2017-10-16 11:56:25 INFO  Game:139 - Player Dev added 
2017-10-16 11:56:25 INFO  Game:200 - Compare between Joe and Bob
2017-10-16 11:56:25 INFO  Game:200 - Compare between Joe and Sally
2017-10-16 11:56:25 INFO  Game:200 - Compare between Joe and Dev
2017-10-16 11:56:25 INFO  PokerGameMain:20 - Game finished.
2017-10-16 11:56:49 INFO  PokerGameMain:16 - Game started.
2017-10-16 11:56:49 INFO  Game:139 - Player Joe added 
2017-10-16 11:56:49 INFO  Game:139 - Player Bob added 
2017-10-16 11:56:49 INFO  Game:139 - Player Sally added 
2017-10-16 11:56:49 INFO  Game:139 - Player Dev added 
2017-10-16 11:56:49 INFO  Game:200 - Compare between Joe and Bob
2017-10-16 11:56:49 INFO  Game:200 - Compare between Joe and Sally
2017-10-16 11:56:49 INFO  Game:200 - Compare between Joe and Dev
2017-10-16 11:56:49 INFO  PokerGameMain:20 - Game finished.
2017-10-16 12:00:25 INFO  PokerGameMain:16 - Game started.
2017-10-16 12:00:25 INFO  Game:139 - Player Joe added 
2017-10-16 12:00:25 INFO  Game:139 - Player Bob added 
2017-10-16 12:00:25 INFO  Game:139 - Player Sally added 
2017-10-16 12:00:25 INFO  Game:139 - Player Dev added 
2017-10-16 12:00:25 INFO  Game:204 - Compare between Joe and Bob
2017-10-16 12:00:25 INFO  Game:204 - Compare between Joe and Sally
2017-10-16 12:00:25 INFO  Game:204 - Compare between Joe and Dev
2017-10-16 12:00:25 INFO  Game:182 - compare between - 10 and 10
2017-10-16 12:00:25 INFO  Game:190 - Both have same rank
2017-10-16 12:00:25 INFO  Game:182 - compare between - 9 and 9
2017-10-16 12:00:25 INFO  Game:190 - Both have same rank
2017-10-16 12:00:25 INFO  Game:182 - compare between - 6 and 8
2017-10-16 12:00:25 INFO  Game:187 - second hand have high rank 8
2017-10-16 12:00:25 INFO  PokerGameMain:20 - Game finished.
2017-10-16 15:02:46 INFO  PokerGameMain:16 - Game started.
2017-10-16 15:02:46 INFO  Game:139 - Player Joe added 
2017-10-16 15:02:46 INFO  Game:139 - Player Bob added 
2017-10-16 15:02:46 INFO  Game:139 - Player Sally added 
2017-10-16 15:02:46 INFO  Game:139 - Player Dev added 
2017-10-16 15:02:46 INFO  Game:204 - Compare between Joe and Bob
2017-10-16 15:02:46 INFO  Game:204 - Compare between Joe and Sally
2017-10-16 15:02:46 INFO  Game:204 - Compare between Joe and Dev
2017-10-16 15:02:46 INFO  Game:182 - compare between - 10 and 10
2017-10-16 15:02:46 INFO  Game:190 - Both have same rank
2017-10-16 15:02:46 INFO  Game:182 - compare between - 9 and 9
2017-10-16 15:02:46 INFO  Game:190 - Both have same rank
2017-10-16 15:02:46 INFO  Game:182 - compare between - 6 and 8
2017-10-16 15:02:46 INFO  Game:187 - second hand have high rank 8
2017-10-16 15:02:46 INFO  PokerGameMain:20 - Game finished.
2017-10-16 15:03:39 INFO  PokerGameMain:16 - Game started.
2017-10-16 15:03:40 INFO  Game:139 - Player Joe added 
2017-10-16 15:03:40 INFO  Game:139 - Player Bob added 
2017-10-16 15:03:40 INFO  Game:139 - Player Sally added 
2017-10-16 15:03:40 INFO  Game:139 - Player Dev added 
2017-10-16 15:03:40 INFO  Game:204 - Compare between Joe and Bob
2017-10-16 15:03:40 INFO  Game:182 - compare between - 10 and 13
2017-10-16 15:03:40 INFO  Game:187 - second hand have high rank 13
2017-10-16 15:03:40 INFO  Game:204 - Compare between Bob and Sally
2017-10-16 15:03:40 INFO  Game:204 - Compare between Bob and Dev
2017-10-16 15:03:40 INFO  Game:182 - compare between - 13 and 10
2017-10-16 15:03:40 INFO  Game:184 - first hand have high rank 13
2017-10-16 15:03:40 INFO  PokerGameMain:20 - Game finished.
2017-10-16 15:10:48 INFO  PokerGameMain:16 - Game started.
2017-10-16 15:10:48 INFO  Game:142 - Player Joe added 
2017-10-16 15:10:48 INFO  Game:142 - Player Bob added 
2017-10-16 15:10:48 INFO  Game:142 - Player Sally added 
2017-10-16 15:10:48 INFO  Game:142 - Player Dev added 
2017-10-16 15:10:48 INFO  Game:209 - Compare between Joe and Bob
2017-10-16 15:10:48 INFO  Game:186 - compare between - 10 and 13
2017-10-16 15:10:48 INFO  Game:191 - second hand have high rank 13
2017-10-16 15:10:48 INFO  Game:209 - Compare between Bob and Sally
2017-10-16 15:10:48 INFO  Game:209 - Compare between Bob and Dev
2017-10-16 15:10:48 INFO  Game:186 - compare between - 13 and 10
2017-10-16 15:10:48 INFO  Game:188 - first hand have high rank 13
2017-10-16 15:10:48 INFO  PokerGameMain:20 - Game finished.
2017-10-16 15:15:30 INFO  PokerGameMain:16 - Game started.
2017-10-16 15:15:31 INFO  Game:142 - Player Joe added 
2017-10-16 15:15:31 INFO  Game:142 - Player Bob added 
2017-10-16 15:15:31 INFO  Game:142 - Player Sally added 
2017-10-16 15:15:31 INFO  Game:142 - Player Dev added 
2017-10-16 15:15:31 INFO  Game:209 - Compare between Joe and Bob
2017-10-16 15:15:31 INFO  Game:186 - compare between - 10 and 13
2017-10-16 15:15:31 INFO  Game:191 - second hand have high rank 13
2017-10-16 15:15:31 INFO  Game:209 - Compare between Bob and Sally
2017-10-16 15:15:31 INFO  Game:209 - Compare between Bob and Dev
2017-10-16 15:15:31 INFO  Game:186 - compare between - 13 and 10
2017-10-16 15:15:31 INFO  Game:188 - first hand have high rank 13
2017-10-16 15:15:31 INFO  PokerGameMain:20 - Game finished.
2017-10-16 15:16:53 INFO  PokerGameMain:16 - Game started.
2017-10-16 15:16:53 INFO  Game:142 - Player Joe added 
2017-10-16 15:16:53 INFO  Game:142 - Player Bob added 
2017-10-16 15:16:53 INFO  Game:142 - Player Sally added 
2017-10-16 15:16:53 INFO  Game:142 - Player Dev added 
2017-10-16 15:16:53 INFO  Game:209 - Compare between Joe and Bob
2017-10-16 15:18:29 INFO  Game:186 - compare between - 10 and 13
2017-10-16 15:18:29 INFO  Game:191 - second hand have high rank 13
2017-10-16 15:18:29 INFO  Game:209 - Compare between Bob and Sally
2017-10-16 15:18:54 INFO  Game:209 - Compare between Bob and Dev
2017-10-16 15:20:50 INFO  Game:186 - compare between - 13 and 10
2017-10-16 15:20:50 INFO  Game:188 - first hand have high rank 13
2017-10-16 15:20:50 INFO  PokerGameMain:20 - Game finished.
2017-10-16 15:21:03 INFO  PokerGameMain:16 - Game started.
2017-10-16 15:21:03 INFO  Game:142 - Player Joe added 
2017-10-16 15:21:03 INFO  Game:142 - Player Bob added 
2017-10-16 15:21:03 INFO  Game:142 - Player Sally added 
2017-10-16 15:21:03 INFO  Game:142 - Player Dev added 
2017-10-16 15:21:03 INFO  Game:209 - Compare between Joe and Bob
2017-10-16 15:21:03 INFO  Game:186 - compare between - 10 and 13
2017-10-16 15:21:03 INFO  Game:191 - second hand have high rank 13
2017-10-16 15:21:03 INFO  Game:209 - Compare between Bob and Sally
2017-10-16 15:21:03 INFO  Game:209 - Compare between Bob and Dev
2017-10-16 15:21:03 INFO  Game:186 - compare between - 13 and 10
2017-10-16 15:21:03 INFO  Game:188 - first hand have high rank 13
2017-10-16 15:21:03 INFO  PokerGameMain:20 - Game finished.
2017-10-16 15:21:23 INFO  PokerGameMain:16 - Game started.
2017-10-16 15:21:23 INFO  Game:142 - Player Joe added 
2017-10-16 15:21:23 INFO  Game:142 - Player Bob added 
2017-10-16 15:21:23 INFO  Game:142 - Player Sally added 
2017-10-16 15:21:23 INFO  Game:142 - Player Dev added 
2017-10-16 15:21:23 INFO  Game:209 - Compare between Joe and Bob
2017-10-16 15:21:23 INFO  Game:186 - compare between - 10 and 13
2017-10-16 15:21:23 INFO  Game:191 - second hand have high rank 13
2017-10-16 15:21:23 INFO  Game:209 - Compare between Bob and Sally
2017-10-16 15:21:23 INFO  Game:209 - Compare between Bob and Dev
2017-10-16 15:21:23 INFO  Game:186 - compare between - 13 and 10
2017-10-16 15:21:23 INFO  Game:188 - first hand have high rank 13
2017-10-16 15:21:23 INFO  PokerGameMain:20 - Game finished.
